<?xml version="1.0" encoding="utf-8"?><testsuites name="pytest tests"><testsuite name="pytest" errors="0" failures="0" skipped="0" tests="9" time="3.843" timestamp="2026-08-03T14:15:28.547579+00:00" hostname="agent-env-490eb745-af6e-4065-a036-512a9c79cb96"><testcase classname="tests.backend_test" name="test_get_endpoint_ok[/api/products]" time="0.324" /><testcase classname="tests.backend_test" name="test_get_endpoint_ok[/api/listings]" time="0.175" /><testcase classname="tests.backend_test" name="test_get_endpoint_ok[/api/orders]" time="0.227" /><testcase classname="tests.backend_test" name="test_get_endpoint_ok[/api/returns]" time="0.174" /><testcase classname="tests.backend_test" name="test_get_endpoint_ok[/api/segments]" time="0.266" /><testcase classname="tests.backend_test" name="test_get_endpoint_ok[/api/requests]" time="0.278" /><testcase classname="tests.backend_test" name="test_get_endpoint_ok[/api/alerts]" time="0.213" /><testcase classname="tests.backend_test" name="test_get_endpoint_ok[/api/users]" time="0.160" /><testcase classname="tests.backend_test" name="test_product_post_get_roundtrip" time="0.793" /></testsuite></testsuites>